<?xml version="1.0" encoding="UTF-8"?>
<!-- Generated by org.testng.reporters.JUnitReportReporter -->
<testsuite skipped="0" hostname="Sahebstua" name="com.learning.SelTest.SampleTest" tests="1" failures="0" timestamp="07 Jun 2020 13:57:44 GMT" time="89.423" errors="0">
  <testcase name="TestM" time="89.423" classname="com.learning.SelTest.SampleTest"/>
</testsuite> <!-- com.learning.SelTest.SampleTest -->
